<?xml version="1.0" encoding="UTF-8"?>
<coverage generated="1375706199">
  <project timestamp="1375706199">
    <package name="Environaut">
      <file name="/home/graste/projects/environaut/src/Environaut/Application.php">
        <class name="Application" namespace="Environaut">
          <metrics methods="4" coveredmethods="4" conditionals="0" coveredconditionals="0" statements="27" coveredstatements="27" elements="31" coveredelements="31"/>
        </class>
        <line num="0" type="stmt" count="1"/>
        <line num="17" type="method" name="__construct" crap="1" count="2"/>
        <line num="19" type="stmt" count="2"/>
        <line num="20" type="stmt" count="2"/>
        <line num="25" type="method" name="doRun" crap="3" count="1"/>
        <line num="27" type="stmt" count="1"/>
        <line num="28" type="stmt" count="1"/>
        <line num="29" type="stmt" count="1"/>
        <line num="31" type="stmt" count="1"/>
        <line num="33" type="stmt" count="1"/>
        <line num="34" type="stmt" count="1"/>
        <line num="35" type="stmt" count="1"/>
        <line num="36" type="stmt" count="1"/>
        <line num="37" type="stmt" count="1"/>
        <line num="38" type="stmt" count="1"/>
        <line num="39" type="stmt" count="1"/>
        <line num="41" type="stmt" count="1"/>
        <line num="47" type="method" name="getDefaultCommands" crap="1" count="2"/>
        <line num="49" type="stmt" count="2"/>
        <line num="51" type="stmt" count="2"/>
        <line num="52" type="stmt" count="2"/>
        <line num="54" type="stmt" count="2"/>
        <line num="60" type="method" name="getDefaultInputDefinition" crap="1" count="2"/>
        <line num="62" type="stmt" count="2"/>
        <line num="64" type="stmt" count="2"/>
        <line num="65" type="stmt" count="2"/>
        <line num="66" type="stmt" count="2"/>
        <line num="67" type="stmt" count="2"/>
        <line num="68" type="stmt" count="2"/>
        <line num="70" type="stmt" count="2"/>
        <line num="71" type="stmt" count="2"/>
        <line num="73" type="stmt" count="2"/>
        <line num="76" type="stmt" count="1"/>
        <metrics loc="75" ncloc="62" classes="1" methods="4" coveredmethods="4" conditionals="0" coveredconditionals="0" statements="27" coveredstatements="27" elements="31" coveredelements="31"/>
      </file>
      <file name="/home/graste/projects/environaut/src/Environaut/PharCompiler.php">
        <class name="PharCompiler" namespace="Environaut">
          <metrics methods="2" coveredmethods="0" conditionals="0" coveredconditionals="0" statements="58" coveredstatements="0" elements="60" coveredelements="0"/>
        </class>
        <line num="19" type="method" name="create" crap="30" count="0"/>
        <line num="20" type="stmt" count="0"/>
        <line num="21" type="stmt" count="0"/>
        <line num="22" type="stmt" count="0"/>
        <line num="23" type="stmt" count="0"/>
        <line num="25" type="stmt" count="0"/>
        <line num="27" type="stmt" count="0"/>
        <line num="29" type="stmt" count="0"/>
        <line num="31" type="stmt" count="0"/>
        <line num="34" type="stmt" count="0"/>
        <line num="35" type="stmt" count="0"/>
        <line num="37" type="stmt" count="0"/>
        <line num="38" type="stmt" count="0"/>
        <line num="39" type="stmt" count="0"/>
        <line num="42" type="stmt" count="0"/>
        <line num="43" type="stmt" count="0"/>
        <line num="44" type="stmt" count="0"/>
        <line num="45" type="stmt" count="0"/>
        <line num="46" type="stmt" count="0"/>
        <line num="47" type="stmt" count="0"/>
        <line num="48" type="stmt" count="0"/>
        <line num="49" type="stmt" count="0"/>
        <line num="51" type="stmt" count="0"/>
        <line num="52" type="stmt" count="0"/>
        <line num="53" type="stmt" count="0"/>
        <line num="56" type="stmt" count="0"/>
        <line num="57" type="stmt" count="0"/>
        <line num="58" type="stmt" count="0"/>
        <line num="59" type="stmt" count="0"/>
        <line num="60" type="stmt" count="0"/>
        <line num="61" type="stmt" count="0"/>
        <line num="62" type="stmt" count="0"/>
        <line num="65" type="stmt" count="0"/>
        <line num="68" type="stmt" count="0"/>
        <line num="69" type="stmt" count="0"/>
        <line num="70" type="stmt" count="0"/>
        <line num="71" type="stmt" count="0"/>
        <line num="72" type="stmt" count="0"/>
        <line num="75" type="stmt" count="0"/>
        <line num="77" type="stmt" count="0"/>
        <line num="79" type="stmt" count="0"/>
        <line num="80" type="stmt" count="0"/>
        <line num="85" type="method" name="getStub" crap="2" count="0"/>
        <line num="86" type="stmt" count="0"/>
        <line num="87" type="stmt" count="0"/>
        <line num="88" type="stmt" count="0"/>
        <line num="89" type="stmt" count="0"/>
        <line num="91" type="stmt" count="0"/>
        <line num="92" type="stmt" count="0"/>
        <line num="93" type="stmt" count="0"/>
        <line num="94" type="stmt" count="0"/>
        <line num="95" type="stmt" count="0"/>
        <line num="96" type="stmt" count="0"/>
        <line num="97" type="stmt" count="0"/>
        <line num="99" type="stmt" count="0"/>
        <line num="100" type="stmt" count="0"/>
        <line num="102" type="stmt" count="0"/>
        <line num="103" type="stmt" count="0"/>
        <metrics loc="104" ncloc="79" classes="1" methods="2" coveredmethods="0" conditionals="0" coveredconditionals="0" statements="58" coveredstatements="0" elements="60" coveredelements="0"/>
      </file>
    </package>
    <package name="Environaut\Cache">
      <file name="/home/graste/projects/environaut/src/Environaut/Cache/Cache.php">
        <class name="Cache" namespace="Environaut\Cache">
          <metrics methods="4" coveredmethods="0" conditionals="0" coveredconditionals="0" statements="37" coveredstatements="0" elements="41" coveredelements="0"/>
        </class>
        <line num="15" type="method" name="add" crap="2" count="0"/>
        <line num="17" type="stmt" count="0"/>
        <line num="19" type="stmt" count="0"/>
        <line num="30" type="method" name="addAll" crap="12" count="0"/>
        <line num="32" type="stmt" count="0"/>
        <line num="33" type="stmt" count="0"/>
        <line num="34" type="stmt" count="0"/>
        <line num="35" type="stmt" count="0"/>
        <line num="36" type="stmt" count="0"/>
        <line num="38" type="stmt" count="0"/>
        <line num="48" type="method" name="save" crap="42" count="0"/>
        <line num="50" type="stmt" count="0"/>
        <line num="53" type="stmt" count="0"/>
        <line num="54" type="stmt" count="0"/>
        <line num="55" type="stmt" count="0"/>
        <line num="56" type="stmt" count="0"/>
        <line num="57" type="stmt" count="0"/>
        <line num="58" type="stmt" count="0"/>
        <line num="59" type="stmt" count="0"/>
        <line num="60" type="stmt" count="0"/>
        <line num="61" type="stmt" count="0"/>
        <line num="63" type="stmt" count="0"/>
        <line num="65" type="stmt" count="0"/>
        <line num="66" type="stmt" count="0"/>
        <line num="67" type="stmt" count="0"/>
        <line num="68" type="stmt" count="0"/>
        <line num="70" type="stmt" count="0"/>
        <line num="71" type="stmt" count="0"/>
        <line num="72" type="stmt" count="0"/>
        <line num="73" type="stmt" count="0"/>
        <line num="75" type="stmt" count="0"/>
        <line num="77" type="stmt" count="0"/>
        <line num="78" type="stmt" count="0"/>
        <line num="81" type="stmt" count="0"/>
        <line num="83" type="stmt" count="0"/>
        <line num="85" type="stmt" count="0"/>
        <line num="95" type="method" name="setLocation" crap="6" count="0"/>
        <line num="97" type="stmt" count="0"/>
        <line num="98" type="stmt" count="0"/>
        <line num="101" type="stmt" count="0"/>
        <line num="102" type="stmt" count="0"/>
        <line num="104" type="stmt" count="1"/>
        <metrics loc="103" ncloc="72" classes="1" methods="4" coveredmethods="0" conditionals="0" coveredconditionals="0" statements="37" coveredstatements="0" elements="41" coveredelements="0"/>
      </file>
      <file name="/home/graste/projects/environaut/src/Environaut/Cache/ReadOnlyCache.php">
        <class name="ReadOnlyCache" namespace="Environaut\Cache">
          <metrics methods="10" coveredmethods="2" conditionals="0" coveredconditionals="0" statements="69" coveredstatements="7" elements="79" coveredelements="9"/>
        </class>
        <line num="30" type="method" name="__construct" crap="1" count="65"/>
        <line num="32" type="stmt" count="65"/>
        <line num="33" type="stmt" count="65"/>
        <line num="34" type="stmt" count="65"/>
        <line num="35" type="stmt" count="65"/>
        <line num="46" type="method" name="has" crap="6.60" count="24"/>
        <line num="48" type="stmt" count="24"/>
        <line num="49" type="stmt" count="0"/>
        <line num="50" type="stmt" count="0"/>
        <line num="52" type="stmt" count="24"/>
        <line num="54" type="stmt" count="24"/>
        <line num="66" type="method" name="get" crap="30" count="0"/>
        <line num="68" type="stmt" count="0"/>
        <line num="70" type="stmt" count="0"/>
        <line num="71" type="stmt" count="0"/>
        <line num="72" type="stmt" count="0"/>
        <line num="74" type="stmt" count="0"/>
        <line num="76" type="stmt" count="0"/>
        <line num="89" type="method" name="getAll" crap="72" count="0"/>
        <line num="91" type="stmt" count="0"/>
        <line num="93" type="stmt" count="0"/>
        <line num="94" type="stmt" count="0"/>
        <line num="95" type="stmt" count="0"/>
        <line num="96" type="stmt" count="0"/>
        <line num="97" type="stmt" count="0"/>
        <line num="98" type="stmt" count="0"/>
        <line num="99" type="stmt" count="0"/>
        <line num="100" type="stmt" count="0"/>
        <line num="101" type="stmt" count="0"/>
        <line num="102" type="stmt" count="0"/>
        <line num="103" type="stmt" count="0"/>
        <line num="104" type="stmt" count="0"/>
        <line num="106" type="stmt" count="0"/>
        <line num="109" type="stmt" count="0"/>
        <line num="119" type="method" name="load" crap="56" count="0"/>
        <line num="121" type="stmt" count="0"/>
        <line num="124" type="stmt" count="0"/>
        <line num="125" type="stmt" count="0"/>
        <line num="126" type="stmt" count="0"/>
        <line num="127" type="stmt" count="0"/>
        <line num="128" type="stmt" count="0"/>
        <line num="129" type="stmt" count="0"/>
        <line num="130" type="stmt" count="0"/>
        <line num="131" type="stmt" count="0"/>
        <line num="132" type="stmt" count="0"/>
        <line num="134" type="stmt" count="0"/>
        <line num="136" type="stmt" count="0"/>
        <line num="137" type="stmt" count="0"/>
        <line num="140" type="stmt" count="0"/>
        <line num="142" type="stmt" count="0"/>
        <line num="143" type="stmt" count="0"/>
        <line num="146" type="stmt" count="0"/>
        <line num="148" type="stmt" count="0"/>
        <line num="149" type="stmt" count="0"/>
        <line num="152" type="stmt" count="0"/>
        <line num="153" type="stmt" count="0"/>
        <line num="154" type="stmt" count="0"/>
        <line num="155" type="stmt" count="0"/>
        <line num="157" type="stmt" count="0"/>
        <line num="159" type="stmt" count="0"/>
        <line num="171" type="method" name="setLocation" crap="6" count="0"/>
        <line num="173" type="stmt" count="0"/>
        <line num="174" type="stmt" count="0"/>
        <line num="177" type="stmt" count="0"/>
        <line num="179" type="stmt" count="0"/>
        <line num="187" type="method" name="getLocation" crap="2" count="0"/>
        <line num="189" type="stmt" count="0"/>
        <line num="199" type="method" name="setParameters" crap="2" count="0"/>
        <line num="201" type="stmt" count="0"/>
        <line num="203" type="stmt" count="0"/>
        <line num="211" type="method" name="getDefaultLocation" crap="2" count="0"/>
        <line num="213" type="stmt" count="0"/>
        <line num="214" type="stmt" count="0"/>
        <line num="220" type="method" name="getCurrentWorkingDirectory" crap="6" count="0"/>
        <line num="222" type="stmt" count="0"/>
        <line num="224" type="stmt" count="0"/>
        <line num="225" type="stmt" count="0"/>
        <line num="226" type="stmt" count="0"/>
        <line num="228" type="stmt" count="0"/>
        <line num="231" type="stmt" count="1"/>
        <metrics loc="230" ncloc="153" classes="1" methods="10" coveredmethods="1" conditionals="0" coveredconditionals="0" statements="69" coveredstatements="7" elements="79" coveredelements="8"/>
      </file>
    </package>
    <file name="/home/graste/projects/environaut/src/Environaut/Cache/ICache.php">
      <line num="14" type="stmt" count="1"/>
      <metrics loc="13" ncloc="13" classes="0" methods="0" coveredmethods="0" conditionals="0" coveredconditionals="0" statements="0" coveredstatements="0" elements="0" coveredelements="0"/>
    </file>
    <file name="/home/graste/projects/environaut/src/Environaut/Cache/IReadOnlyCache.php">
      <line num="71" type="stmt" count="1"/>
      <metrics loc="70" ncloc="22" classes="0" methods="0" coveredmethods="0" conditionals="0" coveredconditionals="0" statements="0" coveredstatements="0" elements="0" coveredelements="0"/>
    </file>
    <package name="Environaut\Checks">
      <file name="/home/graste/projects/environaut/src/Environaut/Checks/Check.php">
        <class name="Check" namespace="Environaut\Checks">
          <metrics methods="22" coveredmethods="15" conditionals="0" coveredconditionals="0" statements="68" coveredstatements="53" elements="90" coveredelements="68"/>
        </class>
        <line num="0" type="stmt" count="1"/>
        <line num="55" type="method" name="__construct" crap="1" count="65"/>
        <line num="57" type="stmt" count="65"/>
        <line num="58" type="stmt" count="65"/>
        <line num="59" type="stmt" count="65"/>
        <line num="61" type="stmt" count="65"/>
        <line num="62" type="stmt" count="65"/>
        <line num="64" type="stmt" count="65"/>
        <line num="65" type="stmt" count="65"/>
        <line num="72" type="method" name="getResult" crap="1" count="24"/>
        <line num="74" type="stmt" count="24"/>
        <line num="84" type="method" name="setName" crap="3.58" count="57"/>
        <line num="86" type="stmt" count="57"/>
        <line num="87" type="stmt" count="0"/>
        <line num="88" type="stmt" count="0"/>
        <line num="89" type="stmt" count="57"/>
        <line num="92" type="stmt" count="57"/>
        <line num="100" type="method" name="getName" crap="1" count="57"/>
        <line num="102" type="stmt" count="57"/>
        <line num="112" type="method" name="setGroup" crap="3" count="51"/>
        <line num="114" type="stmt" count="51"/>
        <line num="115" type="stmt" count="1"/>
        <line num="116" type="stmt" count="1"/>
        <line num="117" type="stmt" count="50"/>
        <line num="120" type="stmt" count="51"/>
        <line num="128" type="method" name="getGroup" crap="1" count="6"/>
        <line num="130" type="stmt" count="6"/>
        <line num="140" type="method" name="setParameters" crap="1" count="51"/>
        <line num="142" type="stmt" count="51"/>
        <line num="144" type="stmt" count="51"/>
        <line num="152" type="method" name="getParameters" crap="1" count="33"/>
        <line num="154" type="stmt" count="33"/>
        <line num="165" type="method" name="setCache" crap="2" count="0"/>
        <line num="167" type="stmt" count="0"/>
        <line num="169" type="stmt" count="0"/>
        <line num="177" type="method" name="getDependencies" crap="2" count="0"/>
        <line num="179" type="stmt" count="0"/>
        <line num="187" type="method" name="getDefaultGroupName" crap="2" count="0"/>
        <line num="189" type="stmt" count="0"/>
        <line num="197" type="method" name="getDefaultSettingGroupName" crap="2" count="0"/>
        <line num="199" type="stmt" count="0"/>
        <line num="218" type="method" name="addSetting" crap="3" count="22"/>
        <line num="220" type="stmt" count="22"/>
        <line num="221" type="stmt" count="1"/>
        <line num="224" type="stmt" count="21"/>
        <line num="225" type="stmt" count="19"/>
        <line num="226" type="stmt" count="19"/>
        <line num="228" type="stmt" count="21"/>
        <line num="230" type="stmt" count="21"/>
        <line num="232" type="stmt" count="21"/>
        <line num="252" type="method" name="addCachableSetting" crap="1" count="22"/>
        <line num="254" type="stmt" count="22"/>
        <line num="256" type="stmt" count="21"/>
        <line num="269" type="method" name="addInfo" crap="3" count="34"/>
        <line num="271" type="stmt" count="34"/>
        <line num="272" type="stmt" count="21"/>
        <line num="273" type="stmt" count="21"/>
        <line num="275" type="stmt" count="34"/>
        <line num="276" type="stmt" count="34"/>
        <line num="277" type="stmt" count="34"/>
        <line num="279" type="stmt" count="34"/>
        <line num="281" type="stmt" count="34"/>
        <line num="294" type="method" name="addNotice" crap="3.14" count="2"/>
        <line num="296" type="stmt" count="2"/>
        <line num="297" type="stmt" count="0"/>
        <line num="298" type="stmt" count="0"/>
        <line num="300" type="stmt" count="2"/>
        <line num="301" type="stmt" count="2"/>
        <line num="302" type="stmt" count="2"/>
        <line num="304" type="stmt" count="2"/>
        <line num="306" type="stmt" count="2"/>
        <line num="319" type="method" name="addError" crap="3.14" count="16"/>
        <line num="321" type="stmt" count="16"/>
        <line num="322" type="stmt" count="0"/>
        <line num="323" type="stmt" count="0"/>
        <line num="325" type="stmt" count="16"/>
        <line num="326" type="stmt" count="16"/>
        <line num="327" type="stmt" count="16"/>
        <line num="329" type="stmt" count="16"/>
        <line num="331" type="stmt" count="16"/>
        <line num="337" type="method" name="getDialogHelper" crap="2" count="0"/>
        <line num="339" type="stmt" count="0"/>
        <line num="345" type="method" name="getOutputStream" crap="2" count="0"/>
        <line num="347" type="stmt" count="0"/>
        <line num="355" type="method" name="setCommand" crap="2" count="0"/>
        <line num="357" type="stmt" count="0"/>
        <line num="358" type="stmt" count="0"/>
        <line num="364" type="method" name="getCommand" crap="1" count="4"/>
        <line num="366" type="stmt" count="4"/>
        <line num="377" type="method" name="getRandomString" crap="1" count="65"/>
        <line num="379" type="stmt" count="65"/>
        <line num="382" type="stmt" count="1"/>
        <metrics loc="381" ncloc="206" classes="1" methods="22" coveredmethods="12" conditionals="0" coveredconditionals="0" statements="68" coveredstatements="53" elements="90" coveredelements="65"/>
      </file>
      <file name="/home/graste/projects/environaut/src/Environaut/Checks/ComposerSecurityCheck.php">
        <class name="ComposerSecurityCheck" namespace="Environaut\Checks">
          <metrics methods="2" coveredmethods="0" conditionals="0" coveredconditionals="0" statements="38" coveredstatements="0" elements="40" coveredelements="0"/>
        </class>
        <line num="21" type="method" name="getDefaultGroupName" crap="6" count="0"/>
        <line num="22" type="stmt" count="0"/>
        <line num="23" type="stmt" count="0"/>
        <line num="24" type="stmt" count="0"/>
        <line num="25" type="stmt" count="0"/>
        <line num="27" type="stmt" count="0"/>
        <line num="28" type="stmt" count="0"/>
        <line num="34" type="method" name="run" crap="56" count="0"/>
        <line num="35" type="stmt" count="0"/>
        <line num="36" type="stmt" count="0"/>
        <line num="38" type="stmt" count="0"/>
        <line num="39" type="stmt" count="0"/>
        <line num="40" type="stmt" count="0"/>
        <line num="42" type="stmt" count="0"/>
        <line num="44" type="stmt" count="0"/>
        <line num="45" type="stmt" count="0"/>
        <line num="46" type="stmt" count="0"/>
        <line num="48" type="stmt" count="0"/>
        <line num="49" type="stmt" count="0"/>
        <line num="50" type="stmt" count="0"/>
        <line num="51" type="stmt" count="0"/>
        <line num="52" type="stmt" count="0"/>
        <line num="54" type="stmt" count="0"/>
        <line num="55" type="stmt" count="0"/>
        <line num="56" type="stmt" count="0"/>
        <line num="58" type="stmt" count="0"/>
        <line num="59" type="stmt" count="0"/>
        <line num="60" type="stmt" count="0"/>
        <line num="62" type="stmt" count="0"/>
        <line num="63" type="stmt" count="0"/>
        <line num="64" type="stmt" count="0"/>
        <line num="65" type="stmt" count="0"/>
        <line num="66" type="stmt" count="0"/>
        <line num="67" type="stmt" count="0"/>
        <line num="68" type="stmt" count="0"/>
        <line num="69" type="stmt" count="0"/>
        <line num="70" type="stmt" count="0"/>
        <line num="71" type="stmt" count="0"/>
        <metrics loc="72" ncloc="58" classes="1" methods="2" coveredmethods="0" conditionals="0" coveredconditionals="0" statements="38" coveredstatements="0" elements="40" coveredelements="0"/>
      </file>
      <file name="/home/graste/projects/environaut/src/Environaut/Checks/Configurator.php">
        <class name="Configurator" namespace="Environaut\Checks">
          <metrics methods="3" coveredmethods="3" conditionals="0" coveredconditionals="0" statements="75" coveredstatements="68" elements="78" coveredelements="71"/>
        </class>
        <line num="0" type="stmt" count="1"/>
        <line num="42" type="method" name="getDefaultGroupName" crap="1" count="23"/>
        <line num="44" type="stmt" count="23"/>
        <line num="52" type="method" name="getDefaultSettingGroupName" crap="2" count="15"/>
        <line num="54" type="stmt" count="15"/>
        <line num="55" type="stmt" count="14"/>
        <line num="58" type="stmt" count="1"/>
        <line num="71" type="method" name="run" crap="12.14" count="19"/>
        <line num="73" type="stmt" count="19"/>
        <line num="74" type="stmt" count="19"/>
        <line num="76" type="stmt" count="19"/>
        <line num="78" type="stmt" count="19"/>
        <line num="79" type="stmt" count="19"/>
        <line num="80" type="stmt" count="2"/>
        <line num="81" type="stmt" count="2"/>
        <line num="82" type="stmt" count="2"/>
        <line num="84" type="stmt" count="19"/>
        <line num="85" type="stmt" count="19"/>
        <line num="86" type="stmt" count="19"/>
        <line num="87" type="stmt" count="19"/>
        <line num="88" type="stmt" count="19"/>
        <line num="89" type="stmt" count="19"/>
        <line num="90" type="stmt" count="19"/>
        <line num="91" type="stmt" count="19"/>
        <line num="92" type="stmt" count="19"/>
        <line num="93" type="stmt" count="19"/>
        <line num="95" type="stmt" count="19"/>
        <line num="96" type="stmt" count="0"/>
        <line num="97" type="stmt" count="0"/>
        <line num="98" type="stmt" count="0"/>
        <line num="99" type="stmt" count="0"/>
        <line num="100" type="stmt" count="0"/>
        <line num="102" type="stmt" count="0"/>
        <line num="104" type="stmt" count="0"/>
        <line num="107" type="stmt" count="19"/>
        <line num="110" type="stmt" count="19"/>
        <line num="111" type="stmt" count="6"/>
        <line num="112" type="stmt" count="6"/>
        <line num="113" type="stmt" count="6"/>
        <line num="115" type="stmt" count="6"/>
        <line num="117" type="stmt" count="6"/>
        <line num="118" type="stmt" count="6"/>
        <line num="120" type="stmt" count="6"/>
        <line num="122" type="stmt" count="6"/>
        <line num="126" type="stmt" count="13"/>
        <line num="127" type="stmt" count="1"/>
        <line num="128" type="stmt" count="1"/>
        <line num="129" type="stmt" count="12"/>
        <line num="131" type="stmt" count="13"/>
        <line num="134" type="stmt" count="13"/>
        <line num="135" type="stmt" count="1"/>
        <line num="136" type="stmt" count="1"/>
        <line num="137" type="stmt" count="1"/>
        <line num="139" type="stmt" count="1"/>
        <line num="142" type="stmt" count="12"/>
        <line num="143" type="stmt" count="4"/>
        <line num="144" type="stmt" count="2"/>
        <line num="145" type="stmt" count="2"/>
        <line num="146" type="stmt" count="2"/>
        <line num="147" type="stmt" count="2"/>
        <line num="148" type="stmt" count="2"/>
        <line num="150" type="stmt" count="2"/>
        <line num="151" type="stmt" count="1"/>
        <line num="152" type="stmt" count="2"/>
        <line num="153" type="stmt" count="2"/>
        <line num="154" type="stmt" count="2"/>
        <line num="155" type="stmt" count="2"/>
        <line num="156" type="stmt" count="2"/>
        <line num="157" type="stmt" count="2"/>
        <line num="159" type="stmt" count="2"/>
        <line num="161" type="stmt" count="2"/>
        <line num="162" type="stmt" count="8"/>
        <line num="163" type="stmt" count="1"/>
        <line num="164" type="stmt" count="1"/>
        <line num="165" type="stmt" count="7"/>
        <line num="169" type="stmt" count="10"/>
        <line num="170" type="stmt" count="10"/>
        <line num="172" type="stmt" count="10"/>
        <line num="174" type="stmt" count="10"/>
        <line num="177" type="stmt" count="1"/>
        <metrics loc="176" ncloc="118" classes="1" methods="3" coveredmethods="2" conditionals="0" coveredconditionals="0" statements="75" coveredstatements="68" elements="78" coveredelements="70"/>
      </file>
      <file name="/home/graste/projects/environaut/src/Environaut/Checks/ExecutableCheck.php">
        <class name="ExecutableCheck" namespace="Environaut\Checks">
          <metrics methods="4" coveredmethods="3" conditionals="0" coveredconditionals="0" statements="65" coveredstatements="38" elements="69" coveredelements="41"/>
        </class>
        <line num="43" type="method" name="getDefaultGroupName" crap="1" count="6"/>
        <line num="45" type="stmt" count="6"/>
        <line num="53" type="method" name="getDefaultSettingGroupName" crap="2.15" count="4"/>
        <line num="55" type="stmt" count="4"/>
        <line num="56" type="stmt" count="4"/>
        <line num="59" type="stmt" count="0"/>
        <line num="72" type="method" name="run" crap="3.06" count="5"/>
        <line num="74" type="stmt" count="5"/>
        <line num="75" type="stmt" count="5"/>
        <line num="77" type="stmt" count="5"/>
        <line num="78" type="stmt" count="5"/>
        <line num="79" type="stmt" count="5"/>
        <line num="80" type="stmt" count="5"/>
        <line num="81" type="stmt" count="5"/>
        <line num="82" type="stmt" count="5"/>
        <line num="84" type="stmt" count="5"/>
        <line num="85" type="stmt" count="5"/>
        <line num="86" type="stmt" count="5"/>
        <line num="87" type="stmt" count="5"/>
        <line num="88" type="stmt" count="5"/>
        <line num="90" type="stmt" count="5"/>
        <line num="91" type="stmt" count="5"/>
        <line num="92" type="stmt" count="5"/>
        <line num="94" type="stmt" count="5"/>
        <line num="95" type="stmt" count="0"/>
        <line num="96" type="stmt" count="0"/>
        <line num="97" type="stmt" count="0"/>
        <line num="98" type="stmt" count="0"/>
        <line num="99" type="stmt" count="0"/>
        <line num="100" type="stmt" count="0"/>
        <line num="101" type="stmt" count="0"/>
        <line num="104" type="stmt" count="5"/>
        <line num="105" type="stmt" count="5"/>
        <line num="106" type="stmt" count="5"/>
        <line num="107" type="stmt" count="5"/>
        <line num="110" type="stmt" count="5"/>
        <line num="111" type="stmt" count="5"/>
        <line num="112" type="stmt" count="5"/>
        <line num="113" type="stmt" count="0"/>
        <line num="115" type="stmt" count="5"/>
        <line num="118" type="stmt" count="5"/>
        <line num="119" type="stmt" count="5"/>
        <line num="120" type="stmt" count="5"/>
        <line num="121" type="stmt" count="5"/>
        <line num="122" type="stmt" count="5"/>
        <line num="123" type="stmt" count="5"/>
        <line num="125" type="stmt" count="5"/>
        <line num="127" type="stmt" count="5"/>
        <line num="128" type="stmt" count="4"/>
        <line num="130" type="stmt" count="4"/>
        <line num="143" type="method" name="validExecutable" crap="30" count="0"/>
        <line num="145" type="stmt" count="0"/>
        <line num="147" type="stmt" count="0"/>
        <line num="148" type="stmt" count="0"/>
        <line num="150" type="stmt" count="0"/>
        <line num="153" type="stmt" count="0"/>
        <line num="154" type="stmt" count="0"/>
        <line num="155" type="stmt" count="0"/>
        <line num="158" type="stmt" count="0"/>
        <line num="159" type="stmt" count="0"/>
        <line num="160" type="stmt" count="0"/>
        <line num="162" type="stmt" count="0"/>
        <line num="163" type="stmt" count="0"/>
        <line num="164" type="stmt" count="0"/>
        <line num="165" type="stmt" count="0"/>
        <line num="166" type="stmt" count="0"/>
        <line num="167" type="stmt" count="0"/>
        <line num="169" type="stmt" count="0"/>
        <line num="171" type="stmt" count="0"/>
        <line num="174" type="stmt" count="1"/>
        <metrics loc="173" ncloc="114" classes="1" methods="4" coveredmethods="1" conditionals="0" coveredconditionals="0" statements="65" coveredstatements="38" elements="69" coveredelements="39"/>
      </file>
      <file name="/home/graste/projects/environaut/src/Environaut/Checks/MbInternalEncodingCheck.php">
        <class name="MbInternalEncodingCheck" namespace="Environaut\Checks">
          <metrics methods="2" coveredmethods="0" conditionals="0" coveredconditionals="0" statements="53" coveredstatements="0" elements="55" coveredelements="0"/>
        </class>
        <line num="23" type="method" name="getDefaultGroupName" crap="6" count="0"/>
        <line num="24" type="stmt" count="0"/>
        <line num="25" type="stmt" count="0"/>
        <line num="26" type="stmt" count="0"/>
        <line num="27" type="stmt" count="0"/>
        <line num="29" type="stmt" count="0"/>
        <line num="30" type="stmt" count="0"/>
        <line num="32" type="method" name="run" crap="30" count="0"/>
        <line num="33" type="stmt" count="0"/>
        <line num="34" type="stmt" count="0"/>
        <line num="35" type="stmt" count="0"/>
        <line num="36" type="stmt" count="0"/>
        <line num="37" type="stmt" count="0"/>
        <line num="38" type="stmt" count="0"/>
        <line num="39" type="stmt" count="0"/>
        <line num="40" type="stmt" count="0"/>
        <line num="41" type="stmt" count="0"/>
        <line num="42" type="stmt" count="0"/>
        <line num="43" type="stmt" count="0"/>
        <line num="44" type="stmt" count="0"/>
        <line num="46" type="stmt" count="0"/>
        <line num="47" type="stmt" count="0"/>
        <line num="48" type="stmt" count="0"/>
        <line num="49" type="stmt" count="0"/>
        <line num="50" type="stmt" count="0"/>
        <line num="51" type="stmt" count="0"/>
        <line num="52" type="stmt" count="0"/>
        <line num="53" type="stmt" count="0"/>
        <line num="55" type="stmt" count="0"/>
        <line num="56" type="stmt" count="0"/>
        <line num="57" type="stmt" count="0"/>
        <line num="58" type="stmt" count="0"/>
        <line num="59" type="stmt" count="0"/>
        <line num="60" type="stmt" count="0"/>
        <line num="61" type="stmt" count="0"/>
        <line num="63" type="stmt" count="0"/>
        <line num="65" type="stmt" count="0"/>
        <line num="66" type="stmt" count="0"/>
        <line num="67" type="stmt" count="0"/>
        <line num="69" type="stmt" count="0"/>
        <line num="70" type="stmt" count="0"/>
        <line num="71" type="stmt" count="0"/>
        <line num="72" type="stmt" count="0"/>
        <line num="73" type="stmt" count="0"/>
        <line num="74" type="stmt" count="0"/>
        <line num="75" type="stmt" count="0"/>
        <line num="76" type="stmt" count="0"/>
        <line num="77" type="stmt" count="0"/>
        <line num="78" type="stmt" count="0"/>
        <line num="79" type="stmt" count="0"/>
        <line num="80" type="stmt" count="0"/>
        <line num="82" type="stmt" count="0"/>
        <line num="83" type="stmt" count="0"/>
        <metrics loc="84" ncloc="72" classes="1" methods="2" coveredmethods="0" conditionals="0" coveredconditionals="0" statements="53" coveredstatements="0" elements="55" coveredelements="0"/>
      </file>
      <file name="/home/graste/projects/environaut/src/Environaut/Checks/PhpExtensionCheck.php">
        <class name="PhpExtensionCheck" namespace="Environaut\Checks">
          <metrics methods="2" coveredmethods="2" conditionals="0" coveredconditionals="0" statements="136" coveredstatements="115" elements="138" coveredelements="117"/>
        </class>
        <line num="45" type="method" name="getDefaultGroupName" crap="1" count="16"/>
        <line num="47" type="stmt" count="16"/>
        <line num="50" type="method" name="run" crap="34.62" count="15"/>
        <line num="52" type="stmt" count="15"/>
        <line num="54" type="stmt" count="15"/>
        <line num="55" type="stmt" count="15"/>
        <line num="56" type="stmt" count="1"/>
        <line num="57" type="stmt" count="1"/>
        <line num="58" type="stmt" count="1"/>
        <line num="61" type="stmt" count="14"/>
        <line num="62" type="stmt" count="14"/>
        <line num="64" type="stmt" count="14"/>
        <line num="65" type="stmt" count="14"/>
        <line num="66" type="stmt" count="14"/>
        <line num="67" type="stmt" count="14"/>
        <line num="69" type="stmt" count="14"/>
        <line num="73" type="stmt" count="14"/>
        <line num="74" type="stmt" count="13"/>
        <line num="75" type="stmt" count="13"/>
        <line num="76" type="stmt" count="13"/>
        <line num="77" type="stmt" count="13"/>
        <line num="79" type="stmt" count="13"/>
        <line num="80" type="stmt" count="0"/>
        <line num="81" type="stmt" count="0"/>
        <line num="84" type="stmt" count="13"/>
        <line num="85" type="stmt" count="5"/>
        <line num="86" type="stmt" count="3"/>
        <line num="87" type="stmt" count="3"/>
        <line num="88" type="stmt" count="1"/>
        <line num="90" type="stmt" count="1"/>
        <line num="93" type="stmt" count="3"/>
        <line num="95" type="stmt" count="0"/>
        <line num="96" type="stmt" count="0"/>
        <line num="97" type="stmt" count="0"/>
        <line num="98" type="stmt" count="0"/>
        <line num="99" type="stmt" count="0"/>
        <line num="100" type="stmt" count="0"/>
        <line num="101" type="stmt" count="0"/>
        <line num="102" type="stmt" count="0"/>
        <line num="103" type="stmt" count="0"/>
        <line num="104" type="stmt" count="0"/>
        <line num="106" type="stmt" count="0"/>
        <line num="107" type="stmt" count="0"/>
        <line num="108" type="stmt" count="0"/>
        <line num="109" type="stmt" count="0"/>
        <line num="110" type="stmt" count="0"/>
        <line num="112" type="stmt" count="0"/>
        <line num="114" type="stmt" count="0"/>
        <line num="115" type="stmt" count="0"/>
        <line num="116" type="stmt" count="0"/>
        <line num="117" type="stmt" count="3"/>
        <line num="118" type="stmt" count="1"/>
        <line num="119" type="stmt" count="1"/>
        <line num="121" type="stmt" count="1"/>
        <line num="122" type="stmt" count="1"/>
        <line num="123" type="stmt" count="1"/>
        <line num="124" type="stmt" count="3"/>
        <line num="125" type="stmt" count="3"/>
        <line num="127" type="stmt" count="3"/>
        <line num="130" type="stmt" count="3"/>
        <line num="131" type="stmt" count="2"/>
        <line num="132" type="stmt" count="2"/>
        <line num="133" type="stmt" count="1"/>
        <line num="134" type="stmt" count="1"/>
        <line num="136" type="stmt" count="1"/>
        <line num="137" type="stmt" count="1"/>
        <line num="138" type="stmt" count="1"/>
        <line num="139" type="stmt" count="1"/>
        <line num="140" type="stmt" count="1"/>
        <line num="142" type="stmt" count="1"/>
        <line num="145" type="stmt" count="4"/>
        <line num="148" type="stmt" count="12"/>
        <line num="149" type="stmt" count="7"/>
        <line num="150" type="stmt" count="7"/>
        <line num="152" type="stmt" count="4"/>
        <line num="154" type="stmt" count="4"/>
        <line num="155" type="stmt" count="2"/>
        <line num="156" type="stmt" count="2"/>
        <line num="157" type="stmt" count="2"/>
        <line num="158" type="stmt" count="2"/>
        <line num="159" type="stmt" count="2"/>
        <line num="161" type="stmt" count="2"/>
        <line num="162" type="stmt" count="2"/>
        <line num="163" type="stmt" count="4"/>
        <line num="164" type="stmt" count="2"/>
        <line num="165" type="stmt" count="2"/>
        <line num="166" type="stmt" count="2"/>
        <line num="167" type="stmt" count="1"/>
        <line num="168" type="stmt" count="1"/>
        <line num="169" type="stmt" count="1"/>
        <line num="171" type="stmt" count="1"/>
        <line num="172" type="stmt" count="1"/>
        <line num="173" type="stmt" count="1"/>
        <line num="174" type="stmt" count="1"/>
        <line num="175" type="stmt" count="1"/>
        <line num="176" type="stmt" count="1"/>
        <line num="178" type="stmt" count="1"/>
        <line num="180" type="stmt" count="2"/>
        <line num="181" type="stmt" count="7"/>
        <line num="182" type="stmt" count="2"/>
        <line num="183" type="stmt" count="2"/>
        <line num="184" type="stmt" count="2"/>
        <line num="185" type="stmt" count="1"/>
        <line num="186" type="stmt" count="1"/>
        <line num="187" type="stmt" count="1"/>
        <line num="189" type="stmt" count="1"/>
        <line num="190" type="stmt" count="1"/>
        <line num="191" type="stmt" count="1"/>
        <line num="192" type="stmt" count="1"/>
        <line num="193" type="stmt" count="1"/>
        <line num="194" type="stmt" count="1"/>
        <line num="196" type="stmt" count="1"/>
        <line num="198" type="stmt" count="2"/>
        <line num="199" type="stmt" count="1"/>
        <line num="200" type="stmt" count="1"/>
        <line num="201" type="stmt" count="1"/>
        <line num="202" type="stmt" count="1"/>
        <line num="203" type="stmt" count="1"/>
        <line num="205" type="stmt" count="1"/>
        <line num="207" type="stmt" count="6"/>
        <line num="210" type="stmt" count="11"/>
        <line num="211" type="stmt" count="3"/>
        <line num="212" type="stmt" count="1"/>
        <line num="213" type="stmt" count="1"/>
        <line num="214" type="stmt" count="1"/>
        <line num="215" type="stmt" count="1"/>
        <line num="216" type="stmt" count="2"/>
        <line num="218" type="stmt" count="3"/>
        <line num="219" type="stmt" count="14"/>
        <line num="220" type="stmt" count="1"/>
        <line num="221" type="stmt" count="1"/>
        <line num="225" type="stmt" count="12"/>
        <line num="226" type="stmt" count="1"/>
        <line num="227" type="stmt" count="1"/>
        <line num="229" type="stmt" count="12"/>
        <line num="230" type="stmt" count="4"/>
        <line num="231" type="stmt" count="4"/>
        <line num="233" type="stmt" count="12"/>
        <line num="236" type="stmt" count="1"/>
        <metrics loc="235" ncloc="186" classes="1" methods="2" coveredmethods="1" conditionals="0" coveredconditionals="0" statements="136" coveredstatements="115" elements="138" coveredelements="116"/>
      </file>
      <file name="/home/graste/projects/environaut/src/Environaut/Checks/PhpSettingCheck.php">
        <class name="PhpSettingCheck" namespace="Environaut\Checks">
          <metrics methods="6" coveredmethods="6" conditionals="0" coveredconditionals="0" statements="180" coveredstatements="170" elements="186" coveredelements="176"/>
        </class>
        <line num="43" type="method" name="getDefaultGroupName" crap="1" count="20"/>
        <line num="45" type="stmt" count="20"/>
        <line num="48" type="method" name="run" crap="28.49" count="16"/>
        <line num="50" type="stmt" count="16"/>
        <line num="52" type="stmt" count="16"/>
        <line num="53" type="stmt" count="16"/>
        <line num="54" type="stmt" count="1"/>
        <line num="55" type="stmt" count="1"/>
        <line num="56" type="stmt" count="1"/>
        <line num="59" type="stmt" count="15"/>
        <line num="60" type="stmt" count="15"/>
        <line num="61" type="stmt" count="15"/>
        <line num="62" type="stmt" count="15"/>
        <line num="63" type="stmt" count="15"/>
        <line num="65" type="stmt" count="15"/>
        <line num="66" type="stmt" count="1"/>
        <line num="67" type="stmt" count="1"/>
        <line num="68" type="stmt" count="1"/>
        <line num="69" type="stmt" count="1"/>
        <line num="78" type="stmt" count="14"/>
        <line num="80" type="stmt" count="14"/>
        <line num="81" type="stmt" count="14"/>
        <line num="82" type="stmt" count="1"/>
        <line num="83" type="stmt" count="1"/>
        <line num="84" type="stmt" count="1"/>
        <line num="86" type="stmt" count="13"/>
        <line num="88" type="stmt" count="3"/>
        <line num="89" type="stmt" count="1"/>
        <line num="90" type="stmt" count="1"/>
        <line num="91" type="stmt" count="1"/>
        <line num="92" type="stmt" count="1"/>
        <line num="94" type="stmt" count="1"/>
        <line num="95" type="stmt" count="1"/>
        <line num="96" type="stmt" count="1"/>
        <line num="99" type="stmt" count="2"/>
        <line num="100" type="stmt" count="2"/>
        <line num="101" type="stmt" count="2"/>
        <line num="102" type="stmt" count="1"/>
        <line num="103" type="stmt" count="1"/>
        <line num="104" type="stmt" count="1"/>
        <line num="106" type="stmt" count="1"/>
        <line num="107" type="stmt" count="1"/>
        <line num="108" type="stmt" count="2"/>
        <line num="109" type="stmt" count="2"/>
        <line num="110" type="stmt" count="10"/>
        <line num="111" type="stmt" count="2"/>
        <line num="112" type="stmt" count="1"/>
        <line num="113" type="stmt" count="1"/>
        <line num="114" type="stmt" count="1"/>
        <line num="116" type="stmt" count="1"/>
        <line num="117" type="stmt" count="1"/>
        <line num="118" type="stmt" count="1"/>
        <line num="119" type="stmt" count="2"/>
        <line num="120" type="stmt" count="8"/>
        <line num="121" type="stmt" count="2"/>
        <line num="122" type="stmt" count="2"/>
        <line num="123" type="stmt" count="2"/>
        <line num="124" type="stmt" count="1"/>
        <line num="125" type="stmt" count="1"/>
        <line num="126" type="stmt" count="1"/>
        <line num="128" type="stmt" count="1"/>
        <line num="129" type="stmt" count="1"/>
        <line num="130" type="stmt" count="1"/>
        <line num="131" type="stmt" count="2"/>
        <line num="132" type="stmt" count="6"/>
        <line num="133" type="stmt" count="1"/>
        <line num="134" type="stmt" count="1"/>
        <line num="135" type="stmt" count="1"/>
        <line num="136" type="stmt" count="1"/>
        <line num="138" type="stmt" count="1"/>
        <line num="139" type="stmt" count="1"/>
        <line num="140" type="stmt" count="1"/>
        <line num="141" type="stmt" count="1"/>
        <line num="142" type="stmt" count="5"/>
        <line num="143" type="stmt" count="2"/>
        <line num="144" type="stmt" count="1"/>
        <line num="145" type="stmt" count="1"/>
        <line num="147" type="stmt" count="1"/>
        <line num="148" type="stmt" count="1"/>
        <line num="149" type="stmt" count="1"/>
        <line num="150" type="stmt" count="2"/>
        <line num="151" type="stmt" count="3"/>
        <line num="152" type="stmt" count="0"/>
        <line num="153" type="stmt" count="0"/>
        <line num="154" type="stmt" count="0"/>
        <line num="155" type="stmt" count="0"/>
        <line num="157" type="stmt" count="0"/>
        <line num="158" type="stmt" count="0"/>
        <line num="159" type="stmt" count="0"/>
        <line num="160" type="stmt" count="0"/>
        <line num="161" type="stmt" count="3"/>
        <line num="162" type="stmt" count="3"/>
        <line num="163" type="stmt" count="3"/>
        <line num="164" type="stmt" count="1"/>
        <line num="165" type="stmt" count="1"/>
        <line num="166" type="stmt" count="1"/>
        <line num="168" type="stmt" count="1"/>
        <line num="169" type="stmt" count="1"/>
        <line num="170" type="stmt" count="1"/>
        <line num="171" type="stmt" count="3"/>
        <line num="172" type="stmt" count="0"/>
        <line num="175" type="stmt" count="14"/>
        <line num="178" type="stmt" count="1"/>
        <line num="179" type="stmt" count="1"/>
        <line num="181" type="stmt" count="14"/>
        <line num="182" type="stmt" count="6"/>
        <line num="183" type="stmt" count="6"/>
        <line num="185" type="stmt" count="14"/>
        <line num="193" type="method" name="getSupportedComparisons" crap="1" count="15"/>
        <line num="196" type="stmt" count="15"/>
        <line num="197" type="stmt" count="15"/>
        <line num="198" type="stmt" count="15"/>
        <line num="199" type="stmt" count="15"/>
        <line num="200" type="stmt" count="15"/>
        <line num="201" type="stmt" count="15"/>
        <line num="202" type="stmt" count="15"/>
        <line num="203" type="stmt" count="15"/>
        <line num="215" type="method" name="compareIntegers" crap="7" count="3"/>
        <line num="217" type="stmt" count="3"/>
        <line num="219" type="stmt" count="3"/>
        <line num="220" type="stmt" count="3"/>
        <line num="221" type="stmt" count="3"/>
        <line num="223" type="stmt" count="3"/>
        <line num="224" type="stmt" count="1"/>
        <line num="225" type="stmt" count="1"/>
        <line num="226" type="stmt" count="3"/>
        <line num="227" type="stmt" count="2"/>
        <line num="228" type="stmt" count="2"/>
        <line num="229" type="stmt" count="2"/>
        <line num="230" type="stmt" count="1"/>
        <line num="231" type="stmt" count="1"/>
        <line num="232" type="stmt" count="2"/>
        <line num="233" type="stmt" count="1"/>
        <line num="234" type="stmt" count="1"/>
        <line num="235" type="stmt" count="2"/>
        <line num="236" type="stmt" count="1"/>
        <line num="237" type="stmt" count="1"/>
        <line num="238" type="stmt" count="2"/>
        <line num="239" type="stmt" count="2"/>
        <line num="240" type="stmt" count="2"/>
        <line num="241" type="stmt" count="2"/>
        <line num="242" type="stmt" count="0"/>
        <line num="244" type="stmt" count="3"/>
        <line num="256" type="method" name="getOperator" crap="13" count="10"/>
        <line num="259" type="stmt" count="10"/>
        <line num="260" type="stmt" count="10"/>
        <line num="261" type="stmt" count="6"/>
        <line num="262" type="stmt" count="6"/>
        <line num="263" type="stmt" count="10"/>
        <line num="264" type="stmt" count="5"/>
        <line num="265" type="stmt" count="5"/>
        <line num="266" type="stmt" count="10"/>
        <line num="267" type="stmt" count="4"/>
        <line num="268" type="stmt" count="4"/>
        <line num="269" type="stmt" count="10"/>
        <line num="270" type="stmt" count="2"/>
        <line num="271" type="stmt" count="2"/>
        <line num="272" type="stmt" count="10"/>
        <line num="273" type="stmt" count="2"/>
        <line num="274" type="stmt" count="2"/>
        <line num="275" type="stmt" count="10"/>
        <line num="276" type="stmt" count="2"/>
        <line num="277" type="stmt" count="2"/>
        <line num="279" type="stmt" count="10"/>
        <line num="289" type="method" name="getIntegerValue" crap="6" count="4"/>
        <line num="291" type="stmt" count="4"/>
        <line num="293" type="stmt" count="4"/>
        <line num="295" type="stmt" count="4"/>
        <line num="297" type="stmt" count="4"/>
        <line num="298" type="stmt" count="4"/>
        <line num="299" type="stmt" count="4"/>
        <line num="302" type="stmt" count="4"/>
        <line num="303" type="stmt" count="4"/>
        <line num="304" type="stmt" count="1"/>
        <line num="307" type="stmt" count="4"/>
        <line num="309" type="stmt" count="4"/>
        <line num="310" type="stmt" count="3"/>
        <line num="311" type="stmt" count="3"/>
        <line num="312" type="stmt" count="4"/>
        <line num="313" type="stmt" count="4"/>
        <line num="314" type="stmt" count="4"/>
        <line num="315" type="stmt" count="2"/>
        <line num="316" type="stmt" count="2"/>
        <line num="317" type="stmt" count="2"/>
        <line num="320" type="stmt" count="4"/>
        <line num="323" type="stmt" count="2"/>
        <line num="326" type="stmt" count="1"/>
        <metrics loc="325" ncloc="237" classes="1" methods="6" coveredmethods="4" conditionals="0" coveredconditionals="0" statements="180" coveredstatements="170" elements="186" coveredelements="174"/>
      </file>
      <file name="/home/graste/projects/environaut/src/Environaut/Checks/Validator.php">
        <class name="Validator" namespace="Environaut\Checks">
          <metrics methods="12" coveredmethods="8" conditionals="0" coveredconditionals="0" statements="72" coveredstatements="40" elements="84" coveredelements="48"/>
        </class>
        <line num="21" type="method" name="readableDirectory" crap="4.37" count="5"/>
        <line num="23" type="stmt" count="5"/>
        <line num="24" type="stmt" count="0"/>
        <line num="27" type="stmt" count="5"/>
        <line num="28" type="stmt" count="3"/>
        <line num="31" type="stmt" count="2"/>
        <line num="32" type="stmt" count="0"/>
        <line num="35" type="stmt" count="2"/>
        <line num="48" type="method" name="writableDirectory" crap="20" count="0"/>
        <line num="50" type="stmt" count="0"/>
        <line num="51" type="stmt" count="0"/>
        <line num="54" type="stmt" count="0"/>
        <line num="55" type="stmt" count="0"/>
        <line num="58" type="stmt" count="0"/>
        <line num="59" type="stmt" count="0"/>
        <line num="62" type="stmt" count="0"/>
        <line num="75" type="method" name="writableFile" crap="20" count="0"/>
        <line num="77" type="stmt" count="0"/>
        <line num="78" type="stmt" count="0"/>
        <line num="81" type="stmt" count="0"/>
        <line num="82" type="stmt" count="0"/>
        <line num="85" type="stmt" count="0"/>
        <line num="86" type="stmt" count="0"/>
        <line num="89" type="stmt" count="0"/>
        <line num="102" type="method" name="readableFile" crap="4.37" count="2"/>
        <line num="104" type="stmt" count="2"/>
        <line num="105" type="stmt" count="0"/>
        <line num="108" type="stmt" count="2"/>
        <line num="109" type="stmt" count="1"/>
        <line num="112" type="stmt" count="1"/>
        <line num="113" type="stmt" count="0"/>
        <line num="116" type="stmt" count="1"/>
        <line num="130" type="method" name="validUrl" crap="3.14" count="3"/>
        <line num="132" type="stmt" count="3"/>
        <line num="133" type="stmt" count="0"/>
        <line num="135" type="stmt" count="0"/>
        <line num="177" type="stmt" count="3"/>
        <line num="179" type="stmt" count="3"/>
        <line num="180" type="stmt" count="1"/>
        <line num="182" type="stmt" count="1"/>
        <line num="185" type="stmt" count="2"/>
        <line num="198" type="method" name="validEmail" crap="4" count="20"/>
        <line num="200" type="stmt" count="20"/>
        <line num="201" type="stmt" count="5"/>
        <line num="204" type="stmt" count="15"/>
        <line num="205" type="stmt" count="14"/>
        <line num="208" type="stmt" count="2"/>
        <line num="221" type="method" name="validIp" crap="3" count="3"/>
        <line num="223" type="stmt" count="3"/>
        <line num="224" type="stmt" count="1"/>
        <line num="227" type="stmt" count="2"/>
        <line num="228" type="stmt" count="1"/>
        <line num="231" type="stmt" count="1"/>
        <line num="244" type="method" name="validIpv4" crap="12" count="0"/>
        <line num="246" type="stmt" count="0"/>
        <line num="247" type="stmt" count="0"/>
        <line num="250" type="stmt" count="0"/>
        <line num="251" type="stmt" count="0"/>
        <line num="254" type="stmt" count="0"/>
        <line num="267" type="method" name="validIpv4NotReserved" crap="3.33" count="1"/>
        <line num="269" type="stmt" count="1"/>
        <line num="270" type="stmt" count="0"/>
        <line num="273" type="stmt" count="1"/>
        <line num="274" type="stmt" count="1"/>
        <line num="276" type="stmt" count="1"/>
        <line num="279" type="stmt" count="0"/>
        <line num="292" type="method" name="validIpv6" crap="12" count="0"/>
        <line num="294" type="stmt" count="0"/>
        <line num="295" type="stmt" count="0"/>
        <line num="298" type="stmt" count="0"/>
        <line num="299" type="stmt" count="0"/>
        <line num="302" type="stmt" count="0"/>
        <line num="312" type="method" name="fixRelativePath" crap="2" count="1"/>
        <line num="315" type="stmt" count="1"/>
        <line num="316" type="stmt" count="1"/>
        <line num="318" type="stmt" count="1"/>
        <line num="320" type="stmt" count="1"/>
        <line num="330" type="method" name="fixPath" crap="3" count="1"/>
        <line num="332" type="stmt" count="1"/>
        <line num="333" type="stmt" count="1"/>
        <line num="336" type="stmt" count="1"/>
        <line num="337" type="stmt" count="1"/>
        <line num="338" type="stmt" count="1"/>
        <line num="340" type="stmt" count="1"/>
        <line num="343" type="stmt" count="1"/>
        <metrics loc="342" ncloc="217" classes="1" methods="12" coveredmethods="4" conditionals="0" coveredconditionals="0" statements="72" coveredstatements="40" elements="84" coveredelements="44"/>
      </file>
    </package>
    <file name="/home/graste/projects/environaut/src/Environaut/Checks/ICheck.php">
      <line num="94" type="stmt" count="1"/>
      <metrics loc="93" ncloc="32" classes="0" methods="0" coveredmethods="0" conditionals="0" coveredconditionals="0" statements="0" coveredstatements="0" elements="0" coveredelements="0"/>
    </file>
    <file name="/home/graste/projects/environaut/src/Environaut/Checks/INestableCheck.php">
      <metrics loc="12" ncloc="12" classes="0" methods="0" coveredmethods="0" conditionals="0" coveredconditionals="0" statements="0" coveredstatements="0" elements="0" coveredelements="0"/>
    </file>
    <package name="Environaut\Command">
      <file name="/home/graste/projects/environaut/src/Environaut/Command/AboutCommand.php">
        <class name="AboutCommand" namespace="Environaut\Command">
          <metrics methods="2" coveredmethods="1" conditionals="0" coveredconditionals="0" statements="8" coveredstatements="5" elements="10" coveredelements="6"/>
        </class>
        <line num="13" type="method" name="configure" crap="1" count="2"/>
        <line num="15" type="stmt" count="2"/>
        <line num="17" type="stmt" count="2"/>
        <line num="18" type="stmt" count="2"/>
        <line num="19" type="stmt" count="2"/>
        <line num="20" type="stmt" count="2"/>
        <line num="22" type="method" name="execute" crap="2" count="0"/>
        <line num="24" type="stmt" count="0"/>
        <line num="47" type="stmt" count="0"/>
        <line num="48" type="stmt" count="0"/>
        <line num="50" type="stmt" count="1"/>
        <metrics loc="49" ncloc="46" classes="1" methods="2" coveredmethods="1" conditionals="0" coveredconditionals="0" statements="8" coveredstatements="5" elements="10" coveredelements="6"/>
      </file>
      <file name="/home/graste/projects/environaut/src/Environaut/Command/CheckCommand.php">
        <class name="CheckCommand" namespace="Environaut\Command">
          <metrics methods="12" coveredmethods="7" conditionals="0" coveredconditionals="0" statements="171" coveredstatements="87" elements="183" coveredelements="94"/>
        </class>
        <line num="0" type="stmt" count="1"/>
        <line num="51" type="method" name="configure" crap="1" count="8"/>
        <line num="53" type="stmt" count="8"/>
        <line num="55" type="stmt" count="8"/>
        <line num="57" type="stmt" count="8"/>
        <line num="58" type="stmt" count="8"/>
        <line num="59" type="stmt" count="8"/>
        <line num="60" type="stmt" count="8"/>
        <line num="62" type="stmt" count="8"/>
        <line num="64" type="stmt" count="8"/>
        <line num="65" type="stmt" count="8"/>
        <line num="66" type="stmt" count="8"/>
        <line num="67" type="stmt" count="8"/>
        <line num="69" type="stmt" count="8"/>
        <line num="71" type="stmt" count="8"/>
        <line num="72" type="stmt" count="8"/>
        <line num="73" type="stmt" count="8"/>
        <line num="74" type="stmt" count="8"/>
        <line num="76" type="stmt" count="8"/>
        <line num="78" type="stmt" count="8"/>
        <line num="79" type="stmt" count="8"/>
        <line num="80" type="stmt" count="8"/>
        <line num="81" type="stmt" count="8"/>
        <line num="83" type="stmt" count="8"/>
        <line num="85" type="stmt" count="8"/>
        <line num="87" type="stmt" count="8"/>
        <line num="100" type="stmt" count="8"/>
        <line num="101" type="stmt" count="8"/>
        <line num="107" type="method" name="execute" crap="1" count="4"/>
        <line num="109" type="stmt" count="4"/>
        <line num="111" type="stmt" count="4"/>
        <line num="113" type="stmt" count="4"/>
        <line num="115" type="stmt" count="4"/>
        <line num="117" type="stmt" count="4"/>
        <line num="118" type="stmt" count="4"/>
        <line num="123" type="method" name="readConfig" crap="2" count="4"/>
        <line num="125" type="stmt" count="4"/>
        <line num="127" type="stmt" count="4"/>
        <line num="128" type="stmt" count="1"/>
        <line num="129" type="stmt" count="1"/>
        <line num="130" type="stmt" count="1"/>
        <line num="131" type="stmt" count="4"/>
        <line num="136" type="method" name="runChecks" crap="6" count="0"/>
        <line num="138" type="stmt" count="0"/>
        <line num="140" type="stmt" count="0"/>
        <line num="142" type="stmt" count="0"/>
        <line num="143" type="stmt" count="0"/>
        <line num="146" type="stmt" count="0"/>
        <line num="147" type="stmt" count="0"/>
        <line num="148" type="stmt" count="0"/>
        <line num="149" type="stmt" count="0"/>
        <line num="151" type="stmt" count="0"/>
        <line num="153" type="stmt" count="0"/>
        <line num="155" type="stmt" count="0"/>
        <line num="156" type="stmt" count="0"/>
        <line num="161" type="method" name="runExport" crap="6" count="0"/>
        <line num="163" type="stmt" count="0"/>
        <line num="165" type="stmt" count="0"/>
        <line num="167" type="stmt" count="0"/>
        <line num="168" type="stmt" count="0"/>
        <line num="171" type="stmt" count="0"/>
        <line num="172" type="stmt" count="0"/>
        <line num="173" type="stmt" count="0"/>
        <line num="175" type="stmt" count="0"/>
        <line num="176" type="stmt" count="0"/>
        <line num="185" type="method" name="writeCache" crap="30" count="0"/>
        <line num="187" type="stmt" count="0"/>
        <line num="188" type="stmt" count="0"/>
        <line num="189" type="stmt" count="0"/>
        <line num="192" type="stmt" count="0"/>
        <line num="193" type="stmt" count="0"/>
        <line num="195" type="stmt" count="0"/>
        <line num="196" type="stmt" count="0"/>
        <line num="197" type="stmt" count="0"/>
        <line num="198" type="stmt" count="0"/>
        <line num="201" type="stmt" count="0"/>
        <line num="202" type="stmt" count="0"/>
        <line num="205" type="stmt" count="0"/>
        <line num="206" type="stmt" count="0"/>
        <line num="207" type="stmt" count="0"/>
        <line num="208" type="stmt" count="0"/>
        <line num="210" type="stmt" count="0"/>
        <line num="211" type="stmt" count="0"/>
        <line num="212" type="stmt" count="0"/>
        <line num="214" type="stmt" count="0"/>
        <line num="215" type="stmt" count="0"/>
        <line num="216" type="stmt" count="0"/>
        <line num="217" type="stmt" count="0"/>
        <line num="218" type="stmt" count="0"/>
        <line num="219" type="stmt" count="0"/>
        <line num="220" type="stmt" count="0"/>
        <line num="221" type="stmt" count="0"/>
        <line num="222" type="stmt" count="0"/>
        <line num="223" type="stmt" count="0"/>
        <line num="225" type="stmt" count="0"/>
        <line num="235" type="method" name="getLoadedCache" crap="30" count="0"/>
        <line num="237" type="stmt" count="0"/>
        <line num="238" type="stmt" count="0"/>
        <line num="239" type="stmt" count="0"/>
        <line num="242" type="stmt" count="0"/>
        <line num="243" type="stmt" count="0"/>
        <line num="245" type="stmt" count="0"/>
        <line num="246" type="stmt" count="0"/>
        <line num="247" type="stmt" count="0"/>
        <line num="248" type="stmt" count="0"/>
        <line num="251" type="stmt" count="0"/>
        <line num="252" type="stmt" count="0"/>
        <line num="254" type="stmt" count="0"/>
        <line num="255" type="stmt" count="0"/>
        <line num="256" type="stmt" count="0"/>
        <line num="257" type="stmt" count="0"/>
        <line num="258" type="stmt" count="0"/>
        <line num="259" type="stmt" count="0"/>
        <line num="260" type="stmt" count="0"/>
        <line num="263" type="stmt" count="0"/>
        <line num="265" type="stmt" count="0"/>
        <line num="267" type="stmt" count="0"/>
        <line num="269" type="stmt" count="0"/>
        <line num="270" type="stmt" count="0"/>
        <line num="271" type="stmt" count="0"/>
        <line num="272" type="stmt" count="0"/>
        <line num="273" type="stmt" count="0"/>
        <line num="275" type="stmt" count="0"/>
        <line num="282" type="method" name="displayIntro" crap="3" count="4"/>
        <line num="284" type="stmt" count="4"/>
        <line num="285" type="stmt" count="4"/>
        <line num="287" type="stmt" count="4"/>
        <line num="288" type="stmt" count="4"/>
        <line num="290" type="stmt" count="4"/>
        <line num="291" type="stmt" count="3"/>
        <line num="292" type="stmt" count="3"/>
        <line num="293" type="stmt" count="3"/>
        <line num="294" type="stmt" count="3"/>
        <line num="295" type="stmt" count="3"/>
        <line num="296" type="stmt" count="3"/>
        <line num="297" type="stmt" count="3"/>
        <line num="298" type="stmt" count="3"/>
        <line num="299" type="stmt" count="3"/>
        <line num="300" type="stmt" count="3"/>
        <line num="301" type="stmt" count="3"/>
        <line num="302" type="stmt" count="3"/>
        <line num="303" type="stmt" count="3"/>
        <line num="304" type="stmt" count="3"/>
        <line num="305" type="stmt" count="3"/>
        <line num="306" type="stmt" count="3"/>
        <line num="307" type="stmt" count="3"/>
        <line num="308" type="stmt" count="3"/>
        <line num="309" type="stmt" count="3"/>
        <line num="311" type="stmt" count="3"/>
        <line num="313" type="stmt" count="4"/>
        <line num="314" type="stmt" count="4"/>
        <line num="319" type="method" name="displayOutro" crap="1" count="4"/>
        <line num="321" type="stmt" count="4"/>
        <line num="323" type="stmt" count="4"/>
        <line num="324" type="stmt" count="4"/>
        <line num="325" type="stmt" count="4"/>
        <line num="333" type="method" name="initialize" crap="6.64" count="6"/>
        <line num="335" type="stmt" count="6"/>
        <line num="337" type="stmt" count="5"/>
        <line num="338" type="stmt" count="5"/>
        <line num="339" type="stmt" count="5"/>
        <line num="340" type="stmt" count="1"/>
        <line num="343" type="stmt" count="4"/>
        <line num="345" type="stmt" count="4"/>
        <line num="346" type="stmt" count="3"/>
        <line num="347" type="stmt" count="3"/>
        <line num="348" type="stmt" count="4"/>
        <line num="349" type="stmt" count="0"/>
        <line num="351" type="stmt" count="0"/>
        <line num="352" type="stmt" count="0"/>
        <line num="353" type="stmt" count="0"/>
        <line num="355" type="stmt" count="0"/>
        <line num="356" type="stmt" count="0"/>
        <line num="359" type="stmt" count="4"/>
        <line num="360" type="stmt" count="4"/>
        <line num="361" type="stmt" count="3"/>
        <line num="362" type="stmt" count="3"/>
        <line num="364" type="stmt" count="4"/>
        <line num="365" type="stmt" count="4"/>
        <line num="369" type="stmt" count="4"/>
        <line num="374" type="method" name="getConfigHandler" crap="1" count="4"/>
        <line num="376" type="stmt" count="4"/>
        <line num="382" type="method" name="getConfigPath" crap="2" count="0"/>
        <line num="384" type="stmt" count="0"/>
        <line num="387" type="stmt" count="1"/>
        <metrics loc="386" ncloc="306" classes="1" methods="12" coveredmethods="6" conditionals="0" coveredconditionals="0" statements="171" coveredstatements="87" elements="183" coveredelements="93"/>
      </file>
      <file name="/home/graste/projects/environaut/src/Environaut/Command/Command.php">
        <class name="Command" namespace="Environaut\Command">
          <metrics methods="8" coveredmethods="6" conditionals="0" coveredconditionals="0" statements="77" coveredstatements="63" elements="85" coveredelements="69"/>
        </class>
        <line num="28" type="method" name="configure" crap="1" count="8"/>
        <line num="30" type="stmt" count="8"/>
        <line num="32" type="stmt" count="8"/>
        <line num="33" type="stmt" count="8"/>
        <line num="34" type="stmt" count="8"/>
        <line num="35" type="stmt" count="8"/>
        <line num="37" type="stmt" count="8"/>
        <line num="39" type="stmt" count="8"/>
        <line num="40" type="stmt" count="8"/>
        <line num="41" type="stmt" count="8"/>
        <line num="42" type="stmt" count="8"/>
        <line num="44" type="stmt" count="8"/>
        <line num="46" type="stmt" count="8"/>
        <line num="47" type="stmt" count="8"/>
        <line num="48" type="stmt" count="8"/>
        <line num="49" type="stmt" count="8"/>
        <line num="51" type="stmt" count="8"/>
        <line num="52" type="stmt" count="8"/>
        <line num="62" type="method" name="initialize" crap="10.64" count="6"/>
        <line num="64" type="stmt" count="6"/>
        <line num="66" type="stmt" count="6"/>
        <line num="67" type="stmt" count="6"/>
        <line num="70" type="stmt" count="6"/>
        <line num="71" type="stmt" count="6"/>
        <line num="72" type="stmt" count="0"/>
        <line num="73" type="stmt" count="0"/>
        <line num="76" type="stmt" count="6"/>
        <line num="77" type="stmt" count="6"/>
        <line num="78" type="stmt" count="0"/>
        <line num="79" type="stmt" count="0"/>
        <line num="82" type="stmt" count="0"/>
        <line num="83" type="stmt" count="0"/>
        <line num="84" type="stmt" count="0"/>
        <line num="85" type="stmt" count="0"/>
        <line num="86" type="stmt" count="0"/>
        <line num="89" type="stmt" count="6"/>
        <line num="90" type="stmt" count="6"/>
        <line num="91" type="stmt" count="2"/>
        <line num="92" type="stmt" count="1"/>
        <line num="93" type="stmt" count="1"/>
        <line num="94" type="stmt" count="1"/>
        <line num="97" type="stmt" count="1"/>
        <line num="98" type="stmt" count="1"/>
        <line num="99" type="stmt" count="1"/>
        <line num="100" type="stmt" count="1"/>
        <line num="101" type="stmt" count="4"/>
        <line num="102" type="stmt" count="2"/>
        <line num="103" type="stmt" count="2"/>
        <line num="105" type="stmt" count="2"/>
        <line num="106" type="stmt" count="2"/>
        <line num="109" type="stmt" count="5"/>
        <line num="110" type="stmt" count="5"/>
        <line num="119" type="method" name="autoload" crap="5" count="1"/>
        <line num="121" type="stmt" count="1"/>
        <line num="123" type="stmt" count="1"/>
        <line num="124" type="stmt" count="1"/>
        <line num="125" type="stmt" count="1"/>
        <line num="126" type="stmt" count="1"/>
        <line num="128" type="stmt" count="1"/>
        <line num="130" type="stmt" count="1"/>
        <line num="131" type="stmt" count="1"/>
        <line num="132" type="stmt" count="1"/>
        <line num="134" type="stmt" count="1"/>
        <line num="135" type="stmt" count="1"/>
        <line num="136" type="stmt" count="1"/>
        <line num="137" type="stmt" count="1"/>
        <line num="139" type="stmt" count="1"/>
        <line num="140" type="stmt" count="1"/>
        <line num="141" type="stmt" count="1"/>
        <line num="145" type="stmt" count="1"/>
        <line num="151" type="method" name="execute" crap="2" count="0"/>
        <line num="153" type="stmt" count="0"/>
        <line num="154" type="stmt" count="0"/>
        <line num="159" type="method" name="getOutput" crap="1" count="4"/>
        <line num="161" type="stmt" count="4"/>
        <line num="167" type="method" name="getInput" crap="1" count="4"/>
        <line num="169" type="stmt" count="4"/>
        <line num="175" type="method" name="getDialogHelper" crap="2" count="0"/>
        <line num="177" type="stmt" count="0"/>
        <line num="183" type="method" name="getCurrentWorkingDirectory" crap="2.26" count="2"/>
        <line num="185" type="stmt" count="2"/>
        <line num="187" type="stmt" count="2"/>
        <line num="188" type="stmt" count="0"/>
        <line num="189" type="stmt" count="0"/>
        <line num="191" type="stmt" count="2"/>
        <line num="194" type="stmt" count="1"/>
        <metrics loc="193" ncloc="138" classes="1" methods="8" coveredmethods="4" conditionals="0" coveredconditionals="0" statements="77" coveredstatements="63" elements="85" coveredelements="67"/>
      </file>
    </package>
    <package name="Environaut\Config">
      <file name="/home/graste/projects/environaut/src/Environaut/Config/BaseConfigHandler.php">
        <class name="BaseConfigHandler" namespace="Environaut\Config">
          <metrics methods="6" coveredmethods="5" conditionals="0" coveredconditionals="0" statements="21" coveredstatements="16" elements="27" coveredelements="21"/>
        </class>
        <line num="31" type="method" name="__construct" crap="1" count="4"/>
        <line num="33" type="stmt" count="4"/>
        <line num="34" type="stmt" count="4"/>
        <line num="35" type="stmt" count="4"/>
        <line num="43" type="method" name="getConfig" crap="1" count="3"/>
        <line num="45" type="stmt" count="3"/>
        <line num="55" type="method" name="addLocation" crap="2.06" count="4"/>
        <line num="57" type="stmt" count="4"/>
        <line num="58" type="stmt" count="0"/>
        <line num="61" type="stmt" count="4"/>
        <line num="62" type="stmt" count="4"/>
        <line num="69" type="method" name="setLocations" crap="6" count="0"/>
        <line num="71" type="stmt" count="0"/>
        <line num="72" type="stmt" count="0"/>
        <line num="73" type="stmt" count="0"/>
        <line num="74" type="stmt" count="0"/>
        <line num="79" type="method" name="getLocations" crap="1" count="3"/>
        <line num="81" type="stmt" count="3"/>
        <line num="87" type="method" name="getMergedConfig" crap="3" count="3"/>
        <line num="89" type="stmt" count="3"/>
        <line num="91" type="stmt" count="3"/>
        <line num="92" type="stmt" count="3"/>
        <line num="93" type="stmt" count="3"/>
        <line num="94" type="stmt" count="3"/>
        <line num="95" type="stmt" count="3"/>
        <line num="96" type="stmt" count="3"/>
        <line num="98" type="stmt" count="3"/>
        <line num="101" type="stmt" count="1"/>
        <metrics loc="100" ncloc="60" classes="1" methods="6" coveredmethods="4" conditionals="0" coveredconditionals="0" statements="21" coveredstatements="16" elements="27" coveredelements="20"/>
      </file>
      <file name="/home/graste/projects/environaut/src/Environaut/Config/Config.php">
        <class name="Config" namespace="Environaut\Config">
          <metrics methods="11" coveredmethods="3" conditionals="0" coveredconditionals="0" statements="17" coveredstatements="4" elements="28" coveredelements="7"/>
        </class>
        <line num="23" type="method" name="__construct" crap="1" count="4"/>
        <line num="25" type="stmt" count="4"/>
        <line num="26" type="stmt" count="4"/>
        <line num="31" type="method" name="getCheckDefinitions" crap="2" count="0"/>
        <line num="33" type="stmt" count="0"/>
        <line num="41" type="method" name="getExportImplementor" crap="2" count="0"/>
        <line num="43" type="stmt" count="0"/>
        <line num="44" type="stmt" count="0"/>
        <line num="52" type="method" name="getReportImplementor" crap="2" count="0"/>
        <line num="54" type="stmt" count="0"/>
        <line num="55" type="stmt" count="0"/>
        <line num="63" type="method" name="getRunnerImplementor" crap="2" count="0"/>
        <line num="65" type="stmt" count="0"/>
        <line num="66" type="stmt" count="0"/>
        <line num="74" type="method" name="getReadOnlyCacheImplementor" crap="2" count="0"/>
        <line num="76" type="stmt" count="0"/>
        <line num="77" type="stmt" count="0"/>
        <line num="85" type="method" name="getCacheImplementor" crap="2" count="0"/>
        <line num="87" type="stmt" count="0"/>
        <line num="88" type="stmt" count="0"/>
        <line num="99" type="method" name="get" crap="1" count="1"/>
        <line num="101" type="stmt" count="1"/>
        <line num="111" type="method" name="has" crap="1" count="4"/>
        <line num="113" type="stmt" count="4"/>
        <line num="124" type="method" name="set" crap="2" count="0"/>
        <line num="126" type="stmt" count="0"/>
        <line num="134" type="method" name="toArray" crap="2" count="0"/>
        <line num="136" type="stmt" count="0"/>
        <line num="139" type="stmt" count="1"/>
        <metrics loc="138" ncloc="71" classes="1" methods="11" coveredmethods="3" conditionals="0" coveredconditionals="0" statements="17" coveredstatements="4" elements="28" coveredelements="7"/>
      </file>
      <file name="/home/graste/projects/environaut/src/Environaut/Config/ConfigHandler.php">
        <class name="ConfigHandler" namespace="Environaut\Config">
          <metrics methods="2" coveredmethods="2" conditionals="0" coveredconditionals="0" statements="41" coveredstatements="13" elements="43" coveredelements="15"/>
        </class>
        <line num="0" type="stmt" count="1"/>
        <line num="39" type="method" name="readLocation" crap="23.50" count="3"/>
        <line num="41" type="stmt" count="3"/>
        <line num="43" type="stmt" count="3"/>
        <line num="44" type="stmt" count="0"/>
        <line num="45" type="stmt" count="0"/>
        <line num="46" type="stmt" count="0"/>
        <line num="47" type="stmt" count="0"/>
        <line num="49" type="stmt" count="0"/>
        <line num="50" type="stmt" count="0"/>
        <line num="51" type="stmt" count="0"/>
        <line num="54" type="stmt" count="0"/>
        <line num="56" type="stmt" count="0"/>
        <line num="58" type="stmt" count="0"/>
        <line num="59" type="stmt" count="0"/>
        <line num="60" type="stmt" count="0"/>
        <line num="61" type="stmt" count="0"/>
        <line num="63" type="stmt" count="0"/>
        <line num="65" type="stmt" count="3"/>
        <line num="66" type="stmt" count="3"/>
        <line num="67" type="stmt" count="3"/>
        <line num="68" type="stmt" count="0"/>
        <line num="70" type="stmt" count="0"/>
        <line num="73" type="stmt" count="3"/>
        <line num="75" type="stmt" count="3"/>
        <line num="88" type="method" name="getReaderByExtension" crap="8.74" count="3"/>
        <line num="90" type="stmt" count="3"/>
        <line num="92" type="stmt" count="3"/>
        <line num="95" type="stmt" count="3"/>
        <line num="96" type="stmt" count="3"/>
        <line num="97" type="stmt" count="3"/>
        <line num="98" type="stmt" count="0"/>
        <line num="99" type="stmt" count="0"/>
        <line num="100" type="stmt" count="0"/>
        <line num="101" type="stmt" count="0"/>
        <line num="102" type="stmt" count="0"/>
        <line num="103" type="stmt" count="0"/>
        <line num="104" type="stmt" count="0"/>
        <line num="105" type="stmt" count="0"/>
        <line num="106" type="stmt" count="0"/>
        <line num="107" type="stmt" count="0"/>
        <line num="108" type="stmt" count="0"/>
        <line num="110" type="stmt" count="0"/>
        <line num="112" type="stmt" count="3"/>
        <line num="115" type="stmt" count="1"/>
        <metrics loc="114" ncloc="77" classes="1" methods="2" coveredmethods="0" conditionals="0" coveredconditionals="0" statements="41" coveredstatements="13" elements="43" coveredelements="13"/>
      </file>
      <file name="/home/graste/projects/environaut/src/Environaut/Config/Parameters.php">
        <class name="Parameters" namespace="Environaut\Config">
          <metrics methods="7" coveredmethods="3" conditionals="0" coveredconditionals="0" statements="13" coveredstatements="8" elements="20" coveredelements="11"/>
        </class>
        <line num="22" type="method" name="__construct" crap="1" count="73"/>
        <line num="24" type="stmt" count="73"/>
        <line num="25" type="stmt" count="73"/>
        <line num="35" type="method" name="get" crap="3" count="60"/>
        <line num="37" type="stmt" count="60"/>
        <line num="38" type="stmt" count="53"/>
        <line num="41" type="stmt" count="58"/>
        <line num="52" type="method" name="set" crap="2" count="0"/>
[...]
      <metrics loc="41" ncloc="18" classes="0" methods="0" coveredmethods="0" conditionals="0" coveredconditionals="0" statements="0" coveredstatements="0" elements="0" coveredelements="0"/>
    </file>
    <file name="/home/graste/projects/environaut/src/Environaut/Report/IReport.php">
      <line num="84" type="stmt" count="1"/>
      <metrics loc="83" ncloc="25" classes="0" methods="0" coveredmethods="0" conditionals="0" coveredconditionals="0" statements="0" coveredstatements="0" elements="0" coveredelements="0"/>
    </file>
    <package name="Environaut\Report">
      <file name="/home/graste/projects/environaut/src/Environaut/Report/Report.php">
        <class name="Report" namespace="Environaut\Report">
          <metrics methods="9" coveredmethods="4" conditionals="0" coveredconditionals="0" statements="41" coveredstatements="22" elements="50" coveredelements="26"/>
        </class>
        <line num="32" type="method" name="__construct" crap="1" count="4"/>
        <line num="34" type="stmt" count="4"/>
        <line num="35" type="stmt" count="4"/>
        <line num="36" type="stmt" count="4"/>
        <line num="45" type="method" name="addResult" crap="1" count="3"/>
        <line num="47" type="stmt" count="3"/>
        <line num="49" type="stmt" count="3"/>
        <line num="59" type="method" name="setResults" crap="2" count="0"/>
        <line num="61" type="stmt" count="0"/>
        <line num="63" type="stmt" count="0"/>
        <line num="71" type="method" name="getResults" crap="2" count="0"/>
        <line num="73" type="stmt" count="0"/>
        <line num="85" type="method" name="getSettings" crap="3" count="1"/>
        <line num="87" type="stmt" count="1"/>
        <line num="89" type="stmt" count="1"/>
        <line num="90" type="stmt" count="1"/>
        <line num="91" type="stmt" count="1"/>
        <line num="92" type="stmt" count="1"/>
        <line num="93" type="stmt" count="1"/>
        <line num="95" type="stmt" count="1"/>
        <line num="107" type="method" name="getCachableSettings" crap="12" count="0"/>
        <line num="109" type="stmt" count="0"/>
        <line num="111" type="stmt" count="0"/>
        <line num="112" type="stmt" count="0"/>
        <line num="113" type="stmt" count="0"/>
        <line num="114" type="stmt" count="0"/>
        <line num="115" type="stmt" count="0"/>
        <line num="117" type="stmt" count="0"/>
        <line num="129" type="method" name="getSettingsAsArray" crap="4" count="2"/>
        <line num="131" type="stmt" count="2"/>
        <line num="133" type="stmt" count="2"/>
        <line num="134" type="stmt" count="2"/>
        <line num="135" type="stmt" count="2"/>
        <line num="136" type="stmt" count="2"/>
        <line num="137" type="stmt" count="2"/>
        <line num="138" type="stmt" count="2"/>
        <line num="139" type="stmt" count="2"/>
        <line num="140" type="stmt" count="2"/>
        <line num="142" type="stmt" count="2"/>
        <line num="154" type="method" name="getCachableSettingsAsArray" crap="12" count="0"/>
        <line num="156" type="stmt" count="0"/>
        <line num="158" type="stmt" count="0"/>
        <line num="159" type="stmt" count="0"/>
        <line num="160" type="stmt" count="0"/>
        <line num="161" type="stmt" count="0"/>
        <line num="162" type="stmt" count="0"/>
        <line num="164" type="stmt" count="0"/>
        <line num="174" type="method" name="setParameters" crap="2" count="0"/>
        <line num="176" type="stmt" count="0"/>
        <line num="178" type="stmt" count="0"/>
        <line num="181" type="stmt" count="1"/>
        <metrics loc="180" ncloc="101" classes="1" methods="9" coveredmethods="4" conditionals="0" coveredconditionals="0" statements="41" coveredstatements="22" elements="50" coveredelements="26"/>
      </file>
    </package>
    <file name="/home/graste/projects/environaut/src/Environaut/Report/Results/IResult.php">
      <line num="133" type="stmt" count="1"/>
      <metrics loc="132" ncloc="44" classes="0" methods="0" coveredmethods="0" conditionals="0" coveredconditionals="0" statements="0" coveredstatements="0" elements="0" coveredelements="0"/>
    </file>
    <file name="/home/graste/projects/environaut/src/Environaut/Report/Results/Messages/IMessage.php">
      <line num="20" type="stmt" count="1"/>
      <metrics loc="19" ncloc="19" classes="0" methods="0" coveredmethods="0" conditionals="0" coveredconditionals="0" statements="0" coveredstatements="0" elements="0" coveredelements="0"/>
    </file>
    <package name="Environaut\Report\Results\Messages">
      <file name="/home/graste/projects/environaut/src/Environaut/Report/Results/Messages/Message.php">
        <class name="Message" namespace="Environaut\Report\Results\Messages">
          <metrics methods="10" coveredmethods="2" conditionals="0" coveredconditionals="0" statements="22" coveredstatements="6" elements="32" coveredelements="8"/>
        </class>
        <line num="33" type="method" name="__construct" crap="2" count="48"/>
        <line num="35" type="stmt" count="48"/>
        <line num="36" type="stmt" count="48"/>
        <line num="37" type="stmt" count="48"/>
        <line num="38" type="stmt" count="48"/>
        <line num="39" type="stmt" count="48"/>
        <line num="41" type="method" name="getGroup" crap="2" count="0"/>
        <line num="43" type="stmt" count="0"/>
        <line num="46" type="method" name="setGroup" crap="2" count="0"/>
        <line num="48" type="stmt" count="0"/>
        <line num="49" type="stmt" count="0"/>
        <line num="52" type="method" name="getName" crap="2" count="0"/>
        <line num="54" type="stmt" count="0"/>
        <line num="57" type="method" name="setName" crap="2" count="0"/>
        <line num="59" type="stmt" count="0"/>
        <line num="60" type="stmt" count="0"/>
        <line num="63" type="method" name="getText" crap="2" count="0"/>
        <line num="65" type="stmt" count="0"/>
        <line num="68" type="method" name="setText" crap="2" count="0"/>
        <line num="70" type="stmt" count="0"/>
        <line num="71" type="stmt" count="0"/>
        <line num="74" type="method" name="getSeverity" crap="1" count="5"/>
        <line num="76" type="stmt" count="5"/>
        <line num="79" type="method" name="setSeverity" crap="2" count="0"/>
        <line num="81" type="stmt" count="0"/>
        <line num="82" type="stmt" count="0"/>
        <line num="88" type="method" name="toArray" crap="2" count="0"/>
        <line num="91" type="stmt" count="0"/>
        <line num="92" type="stmt" count="0"/>
        <line num="93" type="stmt" count="0"/>
        <line num="94" type="stmt" count="0"/>
        <line num="95" type="stmt" count="0"/>
        <line num="98" type="stmt" count="1"/>
        <metrics loc="97" ncloc="78" classes="1" methods="10" coveredmethods="2" conditionals="0" coveredconditionals="0" statements="22" coveredstatements="6" elements="32" coveredelements="8"/>
      </file>
    </package>
    <package name="Environaut\Report\Results">
      <file name="/home/graste/projects/environaut/src/Environaut/Report/Results/Result.php">
        <class name="Result" namespace="Environaut\Report\Results">
          <metrics methods="16" coveredmethods="13" conditionals="0" coveredconditionals="0" statements="46" coveredstatements="37" elements="62" coveredelements="50"/>
        </class>
        <line num="53" type="method" name="__construct" crap="1" count="68"/>
        <line num="55" type="stmt" count="68"/>
        <line num="56" type="stmt" count="68"/>
        <line num="57" type="stmt" count="68"/>
        <line num="58" type="stmt" count="68"/>
        <line num="59" type="stmt" count="68"/>
        <line num="60" type="stmt" count="68"/>
        <line num="69" type="method" name="addMessage" crap="1" count="48"/>
        <line num="71" type="stmt" count="48"/>
        <line num="72" type="stmt" count="48"/>
        <line num="83" type="method" name="addSetting" crap="2" count="26"/>
        <line num="85" type="stmt" count="26"/>
        <line num="87" type="stmt" count="26"/>
        <line num="88" type="stmt" count="26"/>
        <line num="89" type="stmt" count="26"/>
        <line num="91" type="stmt" count="26"/>
        <line num="102" type="method" name="addSettings" crap="12" count="0"/>
        <line num="104" type="stmt" count="0"/>
        <line num="105" type="stmt" count="0"/>
        <line num="106" type="stmt" count="0"/>
        <line num="107" type="stmt" count="0"/>
        <line num="108" type="stmt" count="0"/>
        <line num="110" type="stmt" count="0"/>
        <line num="120" type="method" name="setMessages" crap="2" count="0"/>
        <line num="122" type="stmt" count="0"/>
        <line num="124" type="stmt" count="0"/>
        <line num="132" type="method" name="getMessages" crap="1" count="14"/>
        <line num="134" type="stmt" count="14"/>
        <line num="145" type="method" name="getSettings" crap="1" count="7"/>
        <line num="147" type="stmt" count="7"/>
        <line num="158" type="method" name="getCachableSettings" crap="1" count="2"/>
        <line num="160" type="stmt" count="2"/>
        <line num="171" type="method" name="getSettingsAsArray" crap="1" count="18"/>
        <line num="173" type="stmt" count="18"/>
        <line num="184" type="method" name="getCachableSettingsAsArray" crap="1" count="1"/>
        <line num="186" type="stmt" count="1"/>
        <line num="196" type="method" name="setStatus" crap="1" count="3"/>
        <line num="198" type="stmt" count="3"/>
        <line num="200" type="stmt" count="3"/>
        <line num="208" type="method" name="getStatus" crap="1" count="3"/>
        <line num="210" type="stmt" count="3"/>
        <line num="220" type="method" name="setCheck" crap="1" count="65"/>
        <line num="222" type="stmt" count="65"/>
        <line num="224" type="stmt" count="65"/>
        <line num="232" type="method" name="getCheck" crap="2" count="0"/>
        <line num="234" type="stmt" count="0"/>
        <line num="246" type="method" name="getFiltered" crap="4" count="7"/>
        <line num="248" type="stmt" count="7"/>
        <line num="250" type="stmt" count="7"/>
        <line num="251" type="stmt" count="6"/>
        <line num="252" type="stmt" count="6"/>
        <line num="253" type="stmt" count="6"/>
        <line num="254" type="stmt" count="7"/>
        <line num="256" type="stmt" count="7"/>
        <line num="268" type="method" name="getFilteredAsArray" crap="4" count="18"/>
        <line num="270" type="stmt" count="18"/>
        <line num="272" type="stmt" count="18"/>
        <line num="273" type="stmt" count="18"/>
        <line num="274" type="stmt" count="18"/>
        <line num="275" type="stmt" count="18"/>
        <line num="276" type="stmt" count="18"/>
        <line num="278" type="stmt" count="18"/>
        <line num="281" type="stmt" count="1"/>
        <metrics loc="280" ncloc="140" classes="1" methods="16" coveredmethods="13" conditionals="0" coveredconditionals="0" statements="46" coveredstatements="37" elements="62" coveredelements="50"/>
      </file>
    </package>
    <file name="/home/graste/projects/environaut/src/Environaut/Report/Results/Settings/ISetting.php">
      <line num="54" type="stmt" count="1"/>
      <metrics loc="53" ncloc="20" classes="0" methods="0" coveredmethods="0" conditionals="0" coveredconditionals="0" statements="0" coveredstatements="0" elements="0" coveredelements="0"/>
    </file>
    <package name="Environaut\Report\Results\Settings">
      <file name="/home/graste/projects/environaut/src/Environaut/Report/Results/Settings/Setting.php">
        <class name="Setting" namespace="Environaut\Report\Results\Settings">
          <metrics methods="9" coveredmethods="9" conditionals="0" coveredconditionals="0" statements="31" coveredstatements="30" elements="40" coveredelements="39"/>
        </class>
        <line num="40" type="method" name="__construct" crap="1" count="28"/>
        <line num="42" type="stmt" count="28"/>
        <line num="43" type="stmt" count="28"/>
        <line num="44" type="stmt" count="28"/>
        <line num="45" type="stmt" count="28"/>
        <line num="46" type="stmt" count="28"/>
        <line num="53" type="method" name="getName" crap="1" count="6"/>
        <line num="55" type="stmt" count="6"/>
        <line num="63" type="method" name="getValue" crap="1" count="6"/>
        <line num="65" type="stmt" count="6"/>
        <line num="73" type="method" name="getGroup" crap="1" count="7"/>
        <line num="75" type="stmt" count="7"/>
        <line num="83" type="method" name="getFlag" crap="1" count="1"/>
        <line num="85" type="stmt" count="1"/>
        <line num="98" type="method" name="matchesFlag" crap="2.15" count="24"/>
        <line num="100" type="stmt" count="24"/>
        <line num="101" type="stmt" count="0"/>
        <line num="104" type="stmt" count="24"/>
        <line num="114" type="method" name="matchesGroup" crap="2" count="25"/>
        <line num="116" type="stmt" count="25"/>
        <line num="117" type="stmt" count="16"/>
        <line num="118" type="stmt" count="16"/>
        <line num="121" type="stmt" count="12"/>
        <line num="129" type="method" name="toArray" crap="1" count="18"/>
        <line num="132" type="stmt" count="18"/>
        <line num="133" type="stmt" count="18"/>
        <line num="134" type="stmt" count="18"/>
        <line num="135" type="stmt" count="18"/>
        <line num="136" type="stmt" count="18"/>
        <line num="144" type="method" name="getGroupNames" crap="6" count="17"/>
        <line num="146" type="stmt" count="17"/>
        <line num="148" type="stmt" count="17"/>
        <line num="149" type="stmt" count="2"/>
        <line num="152" type="stmt" count="17"/>
        <line num="153" type="stmt" count="17"/>
        <line num="154" type="stmt" count="17"/>
        <line num="156" type="stmt" count="17"/>
        <line num="157" type="stmt" count="17"/>
        <line num="158" type="stmt" count="17"/>
        <line num="160" type="stmt" count="17"/>
        <line num="163" type="stmt" count="1"/>
        <metrics loc="162" ncloc="93" classes="1" methods="9" coveredmethods="8" conditionals="0" coveredconditionals="0" statements="31" coveredstatements="30" elements="40" coveredelements="38"/>
      </file>
    </package>
    <file name="/home/graste/projects/environaut/src/Environaut/Runner/IRunner.php">
      <metrics loc="57" ncloc="23" classes="0" methods="0" coveredmethods="0" conditionals="0" coveredconditionals="0" statements="0" coveredstatements="0" elements="0" coveredelements="0"/>
    </file>
    <package name="Environaut\Runner">
      <file name="/home/graste/projects/environaut/src/Environaut/Runner/Runner.php">
        <class name="Runner" namespace="Environaut\Runner">
          <metrics methods="9" coveredmethods="0" conditionals="0" coveredconditionals="0" statements="86" coveredstatements="0" elements="95" coveredelements="0"/>
        </class>
        <line num="49" type="method" name="__construct" crap="2" count="0"/>
        <line num="50" type="stmt" count="0"/>
        <line num="51" type="stmt" count="0"/>
        <line num="52" type="stmt" count="0"/>
        <line num="58" type="method" name="run" crap="30" count="0"/>
        <line num="59" type="stmt" count="0"/>
        <line num="60" type="stmt" count="0"/>
        <line num="62" type="stmt" count="0"/>
        <line num="64" type="stmt" count="0"/>
        <line num="65" type="stmt" count="0"/>
        <line num="66" type="stmt" count="0"/>
        <line num="67" type="stmt" count="0"/>
        <line num="69" type="stmt" count="0"/>
        <line num="70" type="stmt" count="0"/>
        <line num="72" type="stmt" count="0"/>
        <line num="75" type="stmt" count="0"/>
        <line num="77" type="stmt" count="0"/>
        <line num="80" type="stmt" count="0"/>
        <line num="82" type="stmt" count="0"/>
        <line num="83" type="stmt" count="0"/>
        <line num="84" type="stmt" count="0"/>
        <line num="85" type="stmt" count="0"/>
        <line num="86" type="stmt" count="0"/>
        <line num="87" type="stmt" count="0"/>
        <line num="90" type="stmt" count="0"/>
        <line num="91" type="stmt" count="0"/>
        <line num="92" type="stmt" count="0"/>
        <line num="93" type="stmt" count="0"/>
        <line num="94" type="stmt" count="0"/>
        <line num="97" type="stmt" count="0"/>
        <line num="99" type="stmt" count="0"/>
        <line num="101" type="stmt" count="0"/>
        <line num="102" type="stmt" count="0"/>
        <line num="104" type="stmt" count="0"/>
        <line num="106" type="stmt" count="0"/>
        <line num="107" type="stmt" count="0"/>
        <line num="116" type="method" name="getCheckInstance" crap="6" count="0"/>
        <line num="117" type="stmt" count="0"/>
        <line num="118" type="stmt" count="0"/>
        <line num="120" type="stmt" count="0"/>
        <line num="122" type="stmt" count="0"/>
        <line num="124" type="stmt" count="0"/>
        <line num="125" type="stmt" count="0"/>
        <line num="126" type="stmt" count="0"/>
        <line num="127" type="stmt" count="0"/>
        <line num="128" type="stmt" count="0"/>
        <line num="130" type="stmt" count="0"/>
        <line num="131" type="stmt" count="0"/>
        <line num="133" type="stmt" count="0"/>
        <line num="134" type="stmt" count="0"/>
        <line num="135" type="stmt" count="0"/>
        <line num="137" type="stmt" count="0"/>
        <line num="138" type="stmt" count="0"/>
        <line num="145" type="method" name="initReport" crap="6" count="0"/>
        <line num="146" type="stmt" count="0"/>
        <line num="147" type="stmt" count="0"/>
        <line num="148" type="stmt" count="0"/>
        <line num="150" type="stmt" count="0"/>
        <line num="151" type="stmt" count="0"/>
        <line num="152" type="stmt" count="0"/>
        <line num="153" type="stmt" count="0"/>
        <line num="154" type="stmt" count="0"/>
        <line num="156" type="stmt" count="0"/>
        <line num="157" type="stmt" count="0"/>
        <line num="159" type="stmt" count="0"/>
        <line num="160" type="stmt" count="0"/>
        <line num="167" type="method" name="getReport" crap="2" count="0"/>
        <line num="168" type="stmt" count="0"/>
        <line num="169" type="stmt" count="0"/>
        <line num="170" type="stmt" count="0"/>
        <line num="177" type="method" name="setParameters" crap="2" count="0"/>
        <line num="178" type="stmt" count="0"/>
        <line num="179" type="stmt" count="0"/>
        <line num="180" type="stmt" count="0"/>
        <line num="187" type="method" name="setConfig" crap="2" count="0"/>
        <line num="188" type="stmt" count="0"/>
        <line num="189" type="stmt" count="0"/>
        <line num="190" type="stmt" count="0"/>
        <line num="198" type="method" name="setCache" crap="2" count="0"/>
        <line num="199" type="stmt" count="0"/>
        <line num="200" type="stmt" count="0"/>
        <line num="201" type="stmt" count="0"/>
        <line num="209" type="method" name="setCommand" crap="2" count="0"/>
        <line num="210" type="stmt" count="0"/>
        <line num="211" type="stmt" count="0"/>
        <line num="212" type="stmt" count="0"/>
        <metrics loc="213" ncloc="139" classes="1" methods="9" coveredmethods="0" conditionals="0" coveredconditionals="0" statements="86" coveredstatements="0" elements="95" coveredelements="0"/>
      </file>
    </package>
    <metrics files="50" loc="6763" ncloc="4316" classes="36" methods="232" coveredmethods="105" conditionals="0" coveredconditionals="0" statements="2063" coveredstatements="1224" elements="2295" coveredelements="1329"/>
  </project>
</coverage>
